<?xml version="1.0" encoding="UTF-8"?>
<!-- Generated by org.testng.reporters.JUnitReportReporter -->
<testsuite hostname="DESKTOP-HAIP0E2" failures="0" tests="4" name="com.apitests.test.suites.task.HelloTest" time="4.514" errors="0" timestamp="2020-06-26T16:36:49 MSK" skipped="0">
  <testcase classname="com.apitests.test.suites.task.HelloTest" name="helloRequestCorrectValuesTest" time="3.043"/>
  <testcase classname="com.apitests.test.suites.task.HelloTest" name="helloRequestIncorrectValuesTest" time="0.306"/>
  <testcase classname="com.apitests.test.suites.task.HelloTest" name="helloRequestIncorrectValuesTest" time="0.438"/>
  <testcase classname="com.apitests.test.suites.task.HelloTest" name="helloRequestIncorrectValuesTest" time="0.727"/>
</testsuite> <!-- com.apitests.test.suites.task.HelloTest -->
