<?xml version="1.0" encoding="UTF-8"?>
<!-- Generated by org.testng.reporters.JUnitReportReporter -->
<testsuite hostname="DESKTOP-HAIP0E2" failures="0" tests="4" name="com.apitests.test.suites.task.HelloTest" time="6.121" errors="0" timestamp="2020-06-26T17:20:36 MSK" skipped="0">
  <testcase classname="com.apitests.test.suites.task.HelloTest" name="helloRequestIncorrectValuesTest" time="0.823"/>
  <testcase classname="com.apitests.test.suites.task.HelloTest" name="helloRequestCorrectValuesTest" time="4.622"/>
  <testcase classname="com.apitests.test.suites.task.HelloTest" name="helloRequestIncorrectValuesTest" time="0.325"/>
  <testcase classname="com.apitests.test.suites.task.HelloTest" name="helloRequestIncorrectValuesTest" time="0.351"/>
</testsuite> <!-- com.apitests.test.suites.task.HelloTest -->
